SF:lib\ring_diagram_painter.dart
DA:11,1
DA:19,1
DA:22,6
DA:24,1
DA:27,1
DA:30,1
DA:31,2
DA:32,2
DA:33,4
DA:38,1
DA:39,1
DA:46,1
DA:48,2
DA:51,6
DA:54,1
DA:57,3
DA:60,3
DA:62,3
DA:63,1
DA:66,3
DA:69,3
DA:70,3
DA:72,1
DA:75,2
DA:78,4
DA:81,1
DA:82,1
DA:83,1
DA:85,1
DA:89,1
DA:90,7
DA:95,2
DA:97,2
DA:100,1
DA:106,1
DA:111,1
DA:114,1
DA:117,5
DA:123,1
DA:126,1
DA:127,1
DA:130,1
DA:131,1
DA:132,1
DA:134,1
DA:137,1
DA:147,1
DA:148,7
DA:149,1
DA:151,1
DA:152,6
DA:153,6
DA:155,1
DA:156,6
DA:157,6
DA:167,1
DA:169,1
DA:171,1
DA:172,5
DA:173,5
DA:174,5
DA:175,1
DA:177,2
DA:178,1
DA:186,1
DA:188,3
DA:197,1
DA:199,1
DA:208,1
DA:209,2
DA:212,2
DA:213,1
DA:214,1
DA:215,1
DA:216,1
DA:221,4
DA:222,0
DA:223,0
DA:229,2
DA:230,2
DA:233,2
DA:234,2
DA:235,2
DA:236,1
LF:84
LH:82
end_of_record
SF:lib\element_node.dart
DA:8,1
LF:1
LH:1
end_of_record
SF:lib\element_node_input_page.dart
DA:8,1
DA:10,1
DA:11,1
DA:22,1
DA:23,2
DA:24,7
DA:25,3
DA:30,0
DA:31,0
DA:32,0
DA:37,1
DA:39,1
DA:41,3
DA:45,1
DA:47,1
DA:48,1
DA:49,1
DA:50,1
DA:51,1
DA:52,1
DA:53,2
DA:54,1
DA:55,2
DA:56,1
DA:57,5
DA:58,3
DA:59,1
DA:61,1
DA:62,1
DA:63,1
DA:65,1
DA:66,1
DA:68,1
DA:69,2
DA:71,2
DA:74,3
DA:75,1
DA:81,2
DA:83,4
DA:84,1
DA:85,1
DA:93,1
DA:94,1
DA:95,1
DA:98,1
DA:103,1
DA:104,2
DA:106,1
DA:110,0
DA:111,0
DA:116,1
DA:117,2
DA:118,0
DA:119,0
DA:121,0
DA:122,0
DA:123,0
DA:125,0
DA:126,0
DA:128,0
DA:133,0
DA:134,0
DA:136,0
DA:137,0
DA:138,0
DA:140,0
DA:150,1
DA:152,0
DA:153,0
DA:162,1
DA:164,1
DA:165,2
DA:166,1
LF:73
LH:52
end_of_record
