SF:lib\ring_diagram_painter.dart
DA:11,3
DA:19,2
DA:22,12
DA:24,2
DA:27,2
DA:30,2
DA:31,4
DA:32,4
DA:33,8
DA:38,2
DA:39,2
DA:46,2
DA:48,4
DA:51,12
DA:54,2
DA:57,6
DA:60,6
DA:62,6
DA:63,2
DA:66,6
DA:69,6
DA:70,6
DA:72,2
DA:75,4
DA:78,8
DA:81,2
DA:82,2
DA:83,2
DA:85,2
DA:89,2
DA:90,14
DA:95,4
DA:97,4
DA:100,2
DA:106,0
DA:111,0
DA:114,0
DA:117,0
DA:123,0
DA:126,0
DA:127,0
DA:130,0
DA:131,0
DA:132,0
DA:134,0
DA:137,0
DA:146,0
DA:148,0
DA:150,0
DA:151,0
DA:152,0
DA:153,0
DA:154,0
DA:156,0
DA:157,0
DA:158,0
DA:160,0
DA:162,0
DA:163,0
DA:171,2
DA:173,6
DA:182,3
DA:184,3
DA:193,3
DA:194,6
DA:197,6
DA:198,3
DA:199,2
DA:200,2
DA:201,2
DA:206,10
DA:207,0
DA:208,0
DA:214,6
DA:215,6
DA:218,6
DA:219,6
DA:220,6
DA:221,3
LF:79
LH:52
end_of_record
SF:lib\element_node.dart
DA:8,3
LF:1
LH:1
end_of_record
SF:lib\element_node_input_page.dart
DA:8,2
DA:10,2
DA:11,2
DA:22,2
DA:23,4
DA:24,14
DA:25,6
DA:30,0
DA:31,0
DA:32,0
DA:37,2
DA:39,2
DA:41,6
DA:45,2
DA:47,2
DA:48,2
DA:49,2
DA:50,2
DA:51,2
DA:52,2
DA:53,4
DA:54,2
DA:55,4
DA:56,2
DA:57,10
DA:58,6
DA:59,2
DA:61,2
DA:62,2
DA:63,2
DA:65,2
DA:66,2
DA:68,2
DA:69,4
DA:71,4
DA:74,6
DA:75,2
DA:81,4
DA:83,8
DA:84,2
DA:85,2
DA:93,2
DA:94,2
DA:95,2
DA:98,2
DA:103,2
DA:104,4
DA:106,2
DA:110,0
DA:111,0
DA:116,2
DA:117,4
DA:118,0
DA:119,0
DA:121,0
DA:122,0
DA:123,0
DA:125,0
DA:126,0
DA:128,0
DA:133,0
DA:134,0
DA:136,0
DA:137,0
DA:138,0
DA:140,0
DA:150,2
DA:152,0
DA:153,0
DA:162,2
DA:164,2
DA:165,4
DA:166,2
LF:73
LH:52
end_of_record
